2016-10-14 19:47:30.014 GMT Thread[main,5,main] Cleanup action starting
ERROR XBM0J: XBM0J.D : [0] /Users/Alan/workspace_java/derby-10.3.2.1/DERBY2861
	at org.apache.derby.iapi.error.StandardException.newException(StandardException.java:290)
	at org.apache.derby.impl.services.monitor.StorageFactoryService$9.run(StorageFactoryService.java:678)
	at java.security.AccessController.doPrivileged(Native Method)
	at org.apache.derby.impl.services.monitor.StorageFactoryService.createServiceRoot(StorageFactoryService.java:658)
	at org.apache.derby.impl.services.monitor.BaseMonitor.bootService(BaseMonitor.java:1765)
	at org.apache.derby.impl.services.monitor.BaseMonitor.createPersistentService(BaseMonitor.java:1026)
	at org.apache.derby.impl.services.monitor.FileMonitor.createPersistentService(FileMonitor.java:1)
	at org.apache.derby.iapi.services.monitor.Monitor.createPersistentService(Monitor.java:588)
	at org.apache.derby.impl.jdbc.EmbedConnection.createDatabase(EmbedConnection.java:1820)
	at org.apache.derby.impl.jdbc.EmbedConnection.<init>(EmbedConnection.java:293)
	at org.apache.derby.impl.jdbc.EmbedConnection30.<init>(EmbedConnection30.java:76)
	at org.apache.derby.jdbc.Driver30.getNewEmbedConnection(Driver30.java:81)
	at org.apache.derby.jdbc.InternalDriver.connect(InternalDriver.java:209)
	at org.apache.derby.jdbc.AutoloadedDriver.connect(AutoloadedDriver.java:118)
	at java.sql.DriverManager.getConnection(DriverManager.java:571)
	at java.sql.DriverManager.getConnection(DriverManager.java:233)
	at derby2861.Derby2861.<init>(Derby2861.java:93)
	at derby2861.Derby2861.main(Derby2861.java:55)
Cleanup action completed
2016-10-14 19:47:30.018 GMT Thread[main,5,main] Cleanup action starting
java.sql.SQLException: XJ041.C : [0] DERBY2861
	at org.apache.derby.impl.jdbc.SQLExceptionFactory.getSQLException(SQLExceptionFactory.java:45)
	at org.apache.derby.impl.jdbc.Util.newEmbedSQLException(Util.java:88)
	at org.apache.derby.impl.jdbc.Util.seeNextException(Util.java:224)
	at org.apache.derby.impl.jdbc.EmbedConnection.createDatabase(EmbedConnection.java:1826)
	at org.apache.derby.impl.jdbc.EmbedConnection.<init>(EmbedConnection.java:293)
	at org.apache.derby.impl.jdbc.EmbedConnection30.<init>(EmbedConnection30.java:76)
	at org.apache.derby.jdbc.Driver30.getNewEmbedConnection(Driver30.java:81)
	at org.apache.derby.jdbc.InternalDriver.connect(InternalDriver.java:209)
	at org.apache.derby.jdbc.AutoloadedDriver.connect(AutoloadedDriver.java:118)
	at java.sql.DriverManager.getConnection(DriverManager.java:571)
	at java.sql.DriverManager.getConnection(DriverManager.java:233)
	at derby2861.Derby2861.<init>(Derby2861.java:93)
	at derby2861.Derby2861.main(Derby2861.java:55)
Caused by: java.sql.SQLException: XBM0J.D : [0] /Users/Alan/workspace_java/derby-10.3.2.1/DERBY2861
	at org.apache.derby.impl.jdbc.SQLExceptionFactory.getSQLException(SQLExceptionFactory.java:45)
	at org.apache.derby.impl.jdbc.Util.generateCsSQLException(Util.java:202)
	at org.apache.derby.impl.jdbc.TransactionResourceImpl.wrapInSQLException(TransactionResourceImpl.java:391)
	at org.apache.derby.impl.jdbc.TransactionResourceImpl.handleException(TransactionResourceImpl.java:346)
	at org.apache.derby.impl.jdbc.EmbedConnection.handleException(EmbedConnection.java:1583)
	at org.apache.derby.impl.jdbc.EmbedConnection.createDatabase(EmbedConnection.java:1828)
	... 9 more
Caused by: ERROR XBM0J: XBM0J.D : [0] /Users/Alan/workspace_java/derby-10.3.2.1/DERBY2861
	at org.apache.derby.iapi.error.StandardException.newException(StandardException.java:290)
	at org.apache.derby.impl.services.monitor.StorageFactoryService$9.run(StorageFactoryService.java:678)
	at java.security.AccessController.doPrivileged(Native Method)
	at org.apache.derby.impl.services.monitor.StorageFactoryService.createServiceRoot(StorageFactoryService.java:658)
	at org.apache.derby.impl.services.monitor.BaseMonitor.bootService(BaseMonitor.java:1765)
	at org.apache.derby.impl.services.monitor.BaseMonitor.createPersistentService(BaseMonitor.java:1026)
	at org.apache.derby.impl.services.monitor.FileMonitor.createPersistentService(FileMonitor.java:1)
	at org.apache.derby.iapi.services.monitor.Monitor.createPersistentService(Monitor.java:588)
	at org.apache.derby.impl.jdbc.EmbedConnection.createDatabase(EmbedConnection.java:1820)
	... 9 more
============= begin nested exception, level (1) ===========
java.sql.SQLException: XBM0J.D : [0] /Users/Alan/workspace_java/derby-10.3.2.1/DERBY2861
	at org.apache.derby.impl.jdbc.SQLExceptionFactory.getSQLException(SQLExceptionFactory.java:45)
	at org.apache.derby.impl.jdbc.Util.generateCsSQLException(Util.java:202)
	at org.apache.derby.impl.jdbc.TransactionResourceImpl.wrapInSQLException(TransactionResourceImpl.java:391)
	at org.apache.derby.impl.jdbc.TransactionResourceImpl.handleException(TransactionResourceImpl.java:346)
	at org.apache.derby.impl.jdbc.EmbedConnection.handleException(EmbedConnection.java:1583)
	at org.apache.derby.impl.jdbc.EmbedConnection.createDatabase(EmbedConnection.java:1828)
	at org.apache.derby.impl.jdbc.EmbedConnection.<init>(EmbedConnection.java:293)
	at org.apache.derby.impl.jdbc.EmbedConnection30.<init>(EmbedConnection30.java:76)
	at org.apache.derby.jdbc.Driver30.getNewEmbedConnection(Driver30.java:81)
	at org.apache.derby.jdbc.InternalDriver.connect(InternalDriver.java:209)
	at org.apache.derby.jdbc.AutoloadedDriver.connect(AutoloadedDriver.java:118)
	at java.sql.DriverManager.getConnection(DriverManager.java:571)
	at java.sql.DriverManager.getConnection(DriverManager.java:233)
	at derby2861.Derby2861.<init>(Derby2861.java:93)
	at derby2861.Derby2861.main(Derby2861.java:55)
Caused by: ERROR XBM0J: XBM0J.D : [0] /Users/Alan/workspace_java/derby-10.3.2.1/DERBY2861
	at org.apache.derby.iapi.error.StandardException.newException(StandardException.java:290)
	at org.apache.derby.impl.services.monitor.StorageFactoryService$9.run(StorageFactoryService.java:678)
	at java.security.AccessController.doPrivileged(Native Method)
	at org.apache.derby.impl.services.monitor.StorageFactoryService.createServiceRoot(StorageFactoryService.java:658)
	at org.apache.derby.impl.services.monitor.BaseMonitor.bootService(BaseMonitor.java:1765)
	at org.apache.derby.impl.services.monitor.BaseMonitor.createPersistentService(BaseMonitor.java:1026)
	at org.apache.derby.impl.services.monitor.FileMonitor.createPersistentService(FileMonitor.java:1)
	at org.apache.derby.iapi.services.monitor.Monitor.createPersistentService(Monitor.java:588)
	at org.apache.derby.impl.jdbc.EmbedConnection.createDatabase(EmbedConnection.java:1820)
	... 9 more
============= end nested exception, level (1) ===========
============= begin nested exception, level (2) ===========
ERROR XBM0J: XBM0J.D : [0] /Users/Alan/workspace_java/derby-10.3.2.1/DERBY2861
	at org.apache.derby.iapi.error.StandardException.newException(StandardException.java:290)
	at org.apache.derby.impl.services.monitor.StorageFactoryService$9.run(StorageFactoryService.java:678)
	at java.security.AccessController.doPrivileged(Native Method)
	at org.apache.derby.impl.services.monitor.StorageFactoryService.createServiceRoot(StorageFactoryService.java:658)
	at org.apache.derby.impl.services.monitor.BaseMonitor.bootService(BaseMonitor.java:1765)
	at org.apache.derby.impl.services.monitor.BaseMonitor.createPersistentService(BaseMonitor.java:1026)
	at org.apache.derby.impl.services.monitor.FileMonitor.createPersistentService(FileMonitor.java:1)
	at org.apache.derby.iapi.services.monitor.Monitor.createPersistentService(Monitor.java:588)
	at org.apache.derby.impl.jdbc.EmbedConnection.createDatabase(EmbedConnection.java:1820)
	at org.apache.derby.impl.jdbc.EmbedConnection.<init>(EmbedConnection.java:293)
	at org.apache.derby.impl.jdbc.EmbedConnection30.<init>(EmbedConnection30.java:76)
	at org.apache.derby.jdbc.Driver30.getNewEmbedConnection(Driver30.java:81)
	at org.apache.derby.jdbc.InternalDriver.connect(InternalDriver.java:209)
	at org.apache.derby.jdbc.AutoloadedDriver.connect(AutoloadedDriver.java:118)
	at java.sql.DriverManager.getConnection(DriverManager.java:571)
	at java.sql.DriverManager.getConnection(DriverManager.java:233)
	at derby2861.Derby2861.<init>(Derby2861.java:93)
	at derby2861.Derby2861.main(Derby2861.java:55)
============= end nested exception, level (2) ===========
Cleanup action completed
2016-10-14 19:47:30.019 GMT Thread[main,5,main] Cleanup action starting
ERROR XBM0J: XBM0J.D : [0] /Users/Alan/workspace_java/derby-10.3.2.1/DERBY2861
	at org.apache.derby.iapi.error.StandardException.newException(StandardException.java:290)
	at org.apache.derby.impl.services.monitor.StorageFactoryService$9.run(StorageFactoryService.java:678)
	at java.security.AccessController.doPrivileged(Native Method)
	at org.apache.derby.impl.services.monitor.StorageFactoryService.createServiceRoot(StorageFactoryService.java:658)
	at org.apache.derby.impl.services.monitor.BaseMonitor.bootService(BaseMonitor.java:1765)
	at org.apache.derby.impl.services.monitor.BaseMonitor.createPersistentService(BaseMonitor.java:1026)
	at org.apache.derby.impl.services.monitor.FileMonitor.createPersistentService(FileMonitor.java:1)
	at org.apache.derby.iapi.services.monitor.Monitor.createPersistentService(Monitor.java:588)
	at org.apache.derby.impl.jdbc.EmbedConnection.createDatabase(EmbedConnection.java:1820)
	at org.apache.derby.impl.jdbc.EmbedConnection.<init>(EmbedConnection.java:293)
	at org.apache.derby.impl.jdbc.EmbedConnection30.<init>(EmbedConnection30.java:76)
	at org.apache.derby.jdbc.Driver30.getNewEmbedConnection(Driver30.java:81)
	at org.apache.derby.jdbc.InternalDriver.connect(InternalDriver.java:209)
	at org.apache.derby.jdbc.AutoloadedDriver.connect(AutoloadedDriver.java:118)
	at java.sql.DriverManager.getConnection(DriverManager.java:571)
	at java.sql.DriverManager.getConnection(DriverManager.java:233)
	at derby2861.Derby2861.<init>(Derby2861.java:93)
	at derby2861.Derby2861.main(Derby2861.java:55)
Cleanup action completed
2016-10-14 19:47:30.020 GMT Thread[main,5,main] Cleanup action starting
java.sql.SQLException: XJ041.C : [0] DERBY2861
	at org.apache.derby.impl.jdbc.SQLExceptionFactory.getSQLException(SQLExceptionFactory.java:45)
	at org.apache.derby.impl.jdbc.Util.newEmbedSQLException(Util.java:88)
	at org.apache.derby.impl.jdbc.Util.seeNextException(Util.java:224)
	at org.apache.derby.impl.jdbc.EmbedConnection.createDatabase(EmbedConnection.java:1826)
	at org.apache.derby.impl.jdbc.EmbedConnection.<init>(EmbedConnection.java:293)
	at org.apache.derby.impl.jdbc.EmbedConnection30.<init>(EmbedConnection30.java:76)
	at org.apache.derby.jdbc.Driver30.getNewEmbedConnection(Driver30.java:81)
	at org.apache.derby.jdbc.InternalDriver.connect(InternalDriver.java:209)
	at org.apache.derby.jdbc.AutoloadedDriver.connect(AutoloadedDriver.java:118)
	at java.sql.DriverManager.getConnection(DriverManager.java:571)
	at java.sql.DriverManager.getConnection(DriverManager.java:233)
	at derby2861.Derby2861.<init>(Derby2861.java:93)
	at derby2861.Derby2861.main(Derby2861.java:55)
Caused by: java.sql.SQLException: XBM0J.D : [0] /Users/Alan/workspace_java/derby-10.3.2.1/DERBY2861
	at org.apache.derby.impl.jdbc.SQLExceptionFactory.getSQLException(SQLExceptionFactory.java:45)
	at org.apache.derby.impl.jdbc.Util.generateCsSQLException(Util.java:202)
	at org.apache.derby.impl.jdbc.TransactionResourceImpl.wrapInSQLException(TransactionResourceImpl.java:391)
	at org.apache.derby.impl.jdbc.TransactionResourceImpl.handleException(TransactionResourceImpl.java:346)
	at org.apache.derby.impl.jdbc.EmbedConnection.handleException(EmbedConnection.java:1583)
	at org.apache.derby.impl.jdbc.EmbedConnection.createDatabase(EmbedConnection.java:1828)
	... 9 more
Caused by: ERROR XBM0J: XBM0J.D : [0] /Users/Alan/workspace_java/derby-10.3.2.1/DERBY2861
	at org.apache.derby.iapi.error.StandardException.newException(StandardException.java:290)
	at org.apache.derby.impl.services.monitor.StorageFactoryService$9.run(StorageFactoryService.java:678)
	at java.security.AccessController.doPrivileged(Native Method)
	at org.apache.derby.impl.services.monitor.StorageFactoryService.createServiceRoot(StorageFactoryService.java:658)
	at org.apache.derby.impl.services.monitor.BaseMonitor.bootService(BaseMonitor.java:1765)
	at org.apache.derby.impl.services.monitor.BaseMonitor.createPersistentService(BaseMonitor.java:1026)
	at org.apache.derby.impl.services.monitor.FileMonitor.createPersistentService(FileMonitor.java:1)
	at org.apache.derby.iapi.services.monitor.Monitor.createPersistentService(Monitor.java:588)
	at org.apache.derby.impl.jdbc.EmbedConnection.createDatabase(EmbedConnection.java:1820)
	... 9 more
============= begin nested exception, level (1) ===========
java.sql.SQLException: XBM0J.D : [0] /Users/Alan/workspace_java/derby-10.3.2.1/DERBY2861
	at org.apache.derby.impl.jdbc.SQLExceptionFactory.getSQLException(SQLExceptionFactory.java:45)
	at org.apache.derby.impl.jdbc.Util.generateCsSQLException(Util.java:202)
	at org.apache.derby.impl.jdbc.TransactionResourceImpl.wrapInSQLException(TransactionResourceImpl.java:391)
	at org.apache.derby.impl.jdbc.TransactionResourceImpl.handleException(TransactionResourceImpl.java:346)
	at org.apache.derby.impl.jdbc.EmbedConnection.handleException(EmbedConnection.java:1583)
	at org.apache.derby.impl.jdbc.EmbedConnection.createDatabase(EmbedConnection.java:1828)
	at org.apache.derby.impl.jdbc.EmbedConnection.<init>(EmbedConnection.java:293)
	at org.apache.derby.impl.jdbc.EmbedConnection30.<init>(EmbedConnection30.java:76)
	at org.apache.derby.jdbc.Driver30.getNewEmbedConnection(Driver30.java:81)
	at org.apache.derby.jdbc.InternalDriver.connect(InternalDriver.java:209)
	at org.apache.derby.jdbc.AutoloadedDriver.connect(AutoloadedDriver.java:118)
	at java.sql.DriverManager.getConnection(DriverManager.java:571)
	at java.sql.DriverManager.getConnection(DriverManager.java:233)
	at derby2861.Derby2861.<init>(Derby2861.java:93)
	at derby2861.Derby2861.main(Derby2861.java:55)
Caused by: ERROR XBM0J: XBM0J.D : [0] /Users/Alan/workspace_java/derby-10.3.2.1/DERBY2861
	at org.apache.derby.iapi.error.StandardException.newException(StandardException.java:290)
	at org.apache.derby.impl.services.monitor.StorageFactoryService$9.run(StorageFactoryService.java:678)
	at java.security.AccessController.doPrivileged(Native Method)
	at org.apache.derby.impl.services.monitor.StorageFactoryService.createServiceRoot(StorageFactoryService.java:658)
	at org.apache.derby.impl.services.monitor.BaseMonitor.bootService(BaseMonitor.java:1765)
	at org.apache.derby.impl.services.monitor.BaseMonitor.createPersistentService(BaseMonitor.java:1026)
	at org.apache.derby.impl.services.monitor.FileMonitor.createPersistentService(FileMonitor.java:1)
	at org.apache.derby.iapi.services.monitor.Monitor.createPersistentService(Monitor.java:588)
	at org.apache.derby.impl.jdbc.EmbedConnection.createDatabase(EmbedConnection.java:1820)
	... 9 more
============= end nested exception, level (1) ===========
============= begin nested exception, level (2) ===========
ERROR XBM0J: XBM0J.D : [0] /Users/Alan/workspace_java/derby-10.3.2.1/DERBY2861
	at org.apache.derby.iapi.error.StandardException.newException(StandardException.java:290)
	at org.apache.derby.impl.services.monitor.StorageFactoryService$9.run(StorageFactoryService.java:678)
	at java.security.AccessController.doPrivileged(Native Method)
	at org.apache.derby.impl.services.monitor.StorageFactoryService.createServiceRoot(StorageFactoryService.java:658)
	at org.apache.derby.impl.services.monitor.BaseMonitor.bootService(BaseMonitor.java:1765)
	at org.apache.derby.impl.services.monitor.BaseMonitor.createPersistentService(BaseMonitor.java:1026)
	at org.apache.derby.impl.services.monitor.FileMonitor.createPersistentService(FileMonitor.java:1)
	at org.apache.derby.iapi.services.monitor.Monitor.createPersistentService(Monitor.java:588)
	at org.apache.derby.impl.jdbc.EmbedConnection.createDatabase(EmbedConnection.java:1820)
	at org.apache.derby.impl.jdbc.EmbedConnection.<init>(EmbedConnection.java:293)
	at org.apache.derby.impl.jdbc.EmbedConnection30.<init>(EmbedConnection30.java:76)
	at org.apache.derby.jdbc.Driver30.getNewEmbedConnection(Driver30.java:81)
	at org.apache.derby.jdbc.InternalDriver.connect(InternalDriver.java:209)
	at org.apache.derby.jdbc.AutoloadedDriver.connect(AutoloadedDriver.java:118)
	at java.sql.DriverManager.getConnection(DriverManager.java:571)
	at java.sql.DriverManager.getConnection(DriverManager.java:233)
	at derby2861.Derby2861.<init>(Derby2861.java:93)
	at derby2861.Derby2861.main(Derby2861.java:55)
============= end nested exception, level (2) ===========
Cleanup action completed
2016-10-14 19:47:30.023 GMT Thread[main,5,main] Cleanup action starting
java.sql.SQLException: XJ004.C : [0] DERBY2861
	at org.apache.derby.impl.jdbc.SQLExceptionFactory.getSQLException(SQLExceptionFactory.java:45)
	at org.apache.derby.impl.jdbc.Util.newEmbedSQLException(Util.java:88)
	at org.apache.derby.impl.jdbc.Util.newEmbedSQLException(Util.java:94)
	at org.apache.derby.impl.jdbc.Util.generateCsSQLException(Util.java:173)
	at org.apache.derby.impl.jdbc.EmbedConnection.newSQLException(EmbedConnection.java:2244)
	at org.apache.derby.impl.jdbc.EmbedConnection.<init>(EmbedConnection.java:304)
	at org.apache.derby.impl.jdbc.EmbedConnection30.<init>(EmbedConnection30.java:76)
	at org.apache.derby.jdbc.Driver30.getNewEmbedConnection(Driver30.java:81)
	at org.apache.derby.jdbc.InternalDriver.connect(InternalDriver.java:209)
	at org.apache.derby.jdbc.AutoloadedDriver.connect(AutoloadedDriver.java:118)
	at java.sql.DriverManager.getConnection(DriverManager.java:571)
	at java.sql.DriverManager.getConnection(DriverManager.java:233)
	at derby2861.Derby2861.getConnection(Derby2861.java:153)
	at derby2861.Derby2861.doit(Derby2861.java:111)
	at derby2861.Derby2861.main(Derby2861.java:62)
Cleanup action completed
2016-10-14 19:47:30.026 GMT Thread[main,5,main] Cleanup action starting
java.sql.SQLException: XJ004.C : [0] DERBY2861
	at org.apache.derby.impl.jdbc.SQLExceptionFactory.getSQLException(SQLExceptionFactory.java:45)
	at org.apache.derby.impl.jdbc.Util.newEmbedSQLException(Util.java:88)
	at org.apache.derby.impl.jdbc.Util.newEmbedSQLException(Util.java:94)
	at org.apache.derby.impl.jdbc.Util.generateCsSQLException(Util.java:173)
	at org.apache.derby.impl.jdbc.EmbedConnection.newSQLException(EmbedConnection.java:2244)
	at org.apache.derby.impl.jdbc.EmbedConnection.<init>(EmbedConnection.java:304)
	at org.apache.derby.impl.jdbc.EmbedConnection30.<init>(EmbedConnection30.java:76)
	at org.apache.derby.jdbc.Driver30.getNewEmbedConnection(Driver30.java:81)
	at org.apache.derby.jdbc.InternalDriver.connect(InternalDriver.java:209)
	at org.apache.derby.jdbc.AutoloadedDriver.connect(AutoloadedDriver.java:118)
	at java.sql.DriverManager.getConnection(DriverManager.java:571)
	at java.sql.DriverManager.getConnection(DriverManager.java:233)
	at derby2861.Derby2861.getConnection(Derby2861.java:153)
	at derby2861.Derby2861.doit(Derby2861.java:111)
	at derby2861.Derby2861.main(Derby2861.java:62)
Cleanup action completed
2016-10-14 19:47:30.026 GMT Thread[main,5,main] Cleanup action starting
java.sql.SQLException: XJ004.C : [0] DERBY2861
	at org.apache.derby.impl.jdbc.SQLExceptionFactory.getSQLException(SQLExceptionFactory.java:45)
	at org.apache.derby.impl.jdbc.Util.newEmbedSQLException(Util.java:88)
	at org.apache.derby.impl.jdbc.Util.newEmbedSQLException(Util.java:94)
	at org.apache.derby.impl.jdbc.Util.generateCsSQLException(Util.java:173)
	at org.apache.derby.impl.jdbc.EmbedConnection.newSQLException(EmbedConnection.java:2244)
	at org.apache.derby.impl.jdbc.EmbedConnection.<init>(EmbedConnection.java:304)
	at org.apache.derby.impl.jdbc.EmbedConnection30.<init>(EmbedConnection30.java:76)
	at org.apache.derby.jdbc.Driver30.getNewEmbedConnection(Driver30.java:81)
	at org.apache.derby.jdbc.InternalDriver.connect(InternalDriver.java:209)
	at org.apache.derby.jdbc.AutoloadedDriver.connect(AutoloadedDriver.java:118)
	at java.sql.DriverManager.getConnection(DriverManager.java:571)
	at java.sql.DriverManager.getConnection(DriverManager.java:233)
	at derby2861.Derby2861.getConnection(Derby2861.java:153)
	at derby2861.Derby2861.doit(Derby2861.java:120)
	at derby2861.Derby2861.main(Derby2861.java:62)
Cleanup action completed
2016-10-14 19:47:30.027 GMT Thread[main,5,main] Cleanup action starting
java.sql.SQLException: XJ004.C : [0] DERBY2861
	at org.apache.derby.impl.jdbc.SQLExceptionFactory.getSQLException(SQLExceptionFactory.java:45)
	at org.apache.derby.impl.jdbc.Util.newEmbedSQLException(Util.java:88)
	at org.apache.derby.impl.jdbc.Util.newEmbedSQLException(Util.java:94)
	at org.apache.derby.impl.jdbc.Util.generateCsSQLException(Util.java:173)
	at org.apache.derby.impl.jdbc.EmbedConnection.newSQLException(EmbedConnection.java:2244)
	at org.apache.derby.impl.jdbc.EmbedConnection.<init>(EmbedConnection.java:304)
	at org.apache.derby.impl.jdbc.EmbedConnection30.<init>(EmbedConnection30.java:76)
	at org.apache.derby.jdbc.Driver30.getNewEmbedConnection(Driver30.java:81)
	at org.apache.derby.jdbc.InternalDriver.connect(InternalDriver.java:209)
	at org.apache.derby.jdbc.AutoloadedDriver.connect(AutoloadedDriver.java:118)
	at java.sql.DriverManager.getConnection(DriverManager.java:571)
	at java.sql.DriverManager.getConnection(DriverManager.java:233)
	at derby2861.Derby2861.getConnection(Derby2861.java:153)
	at derby2861.Derby2861.doit(Derby2861.java:120)
	at derby2861.Derby2861.main(Derby2861.java:62)
Cleanup action completed
2016-10-14 19:47:30.029 GMT Thread[thread-1,5,main] Cleanup action starting
java.sql.SQLException: XJ004.C : [0] DERBY2861
	at org.apache.derby.impl.jdbc.SQLExceptionFactory.getSQLException(SQLExceptionFactory.java:45)
	at org.apache.derby.impl.jdbc.Util.newEmbedSQLException(Util.java:88)
	at org.apache.derby.impl.jdbc.Util.newEmbedSQLException(Util.java:94)
	at org.apache.derby.impl.jdbc.Util.generateCsSQLException(Util.java:173)
	at org.apache.derby.impl.jdbc.EmbedConnection.newSQLException(EmbedConnection.java:2244)
	at org.apache.derby.impl.jdbc.EmbedConnection.<init>(EmbedConnection.java:304)
	at org.apache.derby.impl.jdbc.EmbedConnection30.<init>(EmbedConnection30.java:76)
	at org.apache.derby.jdbc.Driver30.getNewEmbedConnection(Driver30.java:81)
	at org.apache.derby.jdbc.InternalDriver.connect(InternalDriver.java:209)
	at org.apache.derby.jdbc.AutoloadedDriver.connect(AutoloadedDriver.java:118)
	at java.sql.DriverManager.getConnection(DriverManager.java:571)
	at java.sql.DriverManager.getConnection(DriverManager.java:233)
	at derby2861.ViewCreatorDropper.getConnection(ViewCreatorDropper.java:80)
	at derby2861.ViewCreatorDropper.run(ViewCreatorDropper.java:38)
	at java.lang.Thread.run(Thread.java:745)
2016-10-14 19:47:30.029 GMT Thread[thread-2,5,main] Cleanup action starting
java.sql.SQLException: XJ004.C : [0] DERBY2861
	at org.apache.derby.impl.jdbc.SQLExceptionFactory.getSQLException(SQLExceptionFactory.java:45)
	at org.apache.derby.impl.jdbc.Util.newEmbedSQLException(Util.java:88)
	at org.apache.derby.impl.jdbc.Util.newEmbedSQLException(Util.java:94)
	at org.apache.derby.impl.jdbc.Util.generateCsSQLException(Util.java:173)
	at org.apache.derby.impl.jdbc.EmbedConnection.newSQLException(EmbedConnection.java:2244)
	at org.apache.derby.impl.jdbc.EmbedConnection.<init>(EmbedConnection.java:304)
	at org.apache.derby.impl.jdbc.EmbedConnection30.<init>(EmbedConnection30.java:76)
	at org.apache.derby.jdbc.Driver30.getNewEmbedConnection(Driver30.java:81)
	at org.apache.derby.jdbc.InternalDriver.connect(InternalDriver.java:209)
	at org.apache.derby.jdbc.AutoloadedDriver.connect(AutoloadedDriver.java:118)
	at java.sql.DriverManager.getConnection(DriverManager.java:571)
	at java.sql.DriverManager.getConnection(DriverManager.java:233)
	at derby2861.ViewCreatorDropper.getConnection(ViewCreatorDropper.java:80)
	at derby2861.ViewCreatorDropper.run(ViewCreatorDropper.java:38)
	at java.lang.Thread.run(Thread.java:745)
2016-10-14 19:47:30.029 GMT Thread[thread-0,5,main] Cleanup action starting
java.sql.SQLException: XJ004.C : [0] DERBY2861
	at org.apache.derby.impl.jdbc.SQLExceptionFactory.getSQLException(SQLExceptionFactory.java:45)
	at org.apache.derby.impl.jdbc.Util.newEmbedSQLException(Util.java:88)
	at org.apache.derby.impl.jdbc.Util.newEmbedSQLException(Util.java:94)
	at org.apache.derby.impl.jdbc.Util.generateCsSQLException(Util.java:173)
	at org.apache.derby.impl.jdbc.EmbedConnection.newSQLException(EmbedConnection.java:2244)
	at org.apache.derby.impl.jdbc.EmbedConnection.<init>(EmbedConnection.java:304)
	at org.apache.derby.impl.jdbc.EmbedConnection30.<init>(EmbedConnection30.java:76)
	at org.apache.derby.jdbc.Driver30.getNewEmbedConnection(Driver30.java:81)
	at org.apache.derby.jdbc.InternalDriver.connect(InternalDriver.java:209)
	at org.apache.derby.jdbc.AutoloadedDriver.connect(AutoloadedDriver.java:118)
	at java.sql.DriverManager.getConnection(DriverManager.java:571)
	at java.sql.DriverManager.getConnection(DriverManager.java:233)
	at derby2861.ViewCreatorDropper.getConnection(ViewCreatorDropper.java:80)
	at derby2861.ViewCreatorDropper.run(ViewCreatorDropper.java:38)
	at java.lang.Thread.run(Thread.java:745)
Cleanup action completed
2016-10-14 19:47:30.030 GMT Thread[thread-3,5,main] Cleanup action starting
java.sql.SQLException: XJ004.C : [0] DERBY2861
	at org.apache.derby.impl.jdbc.SQLExceptionFactory.getSQLException(SQLExceptionFactory.java:45)
	at org.apache.derby.impl.jdbc.Util.newEmbedSQLException(Util.java:88)
	at org.apache.derby.impl.jdbc.Util.newEmbedSQLException(Util.java:94)
	at org.apache.derby.impl.jdbc.Util.generateCsSQLException(Util.java:173)
	at org.apache.derby.impl.jdbc.EmbedConnection.newSQLException(EmbedConnection.java:2244)
	at org.apache.derby.impl.jdbc.EmbedConnection.<init>(EmbedConnection.java:304)
	at org.apache.derby.impl.jdbc.EmbedConnection30.<init>(EmbedConnection30.java:76)
	at org.apache.derby.jdbc.Driver30.getNewEmbedConnection(Driver30.java:81)
	at org.apache.derby.jdbc.InternalDriver.connect(InternalDriver.java:209)
	at org.apache.derby.jdbc.AutoloadedDriver.connect(AutoloadedDriver.java:118)
	at java.sql.DriverManager.getConnection(DriverManager.java:571)
	at java.sql.DriverManager.getConnection(DriverManager.java:233)
	at derby2861.ViewCreatorDropper.getConnection(ViewCreatorDropper.java:80)
	at derby2861.ViewCreatorDropper.run(ViewCreatorDropper.java:38)
	at java.lang.Thread.run(Thread.java:745)
Cleanup action completed
2016-10-14 19:47:30.030 GMT Thread[thread-0,5,main] Cleanup action starting
java.sql.SQLException: XJ004.C : [0] DERBY2861
	at org.apache.derby.impl.jdbc.SQLExceptionFactory.getSQLException(SQLExceptionFactory.java:45)
	at org.apache.derby.impl.jdbc.Util.newEmbedSQLException(Util.java:88)
	at org.apache.derby.impl.jdbc.Util.newEmbedSQLException(Util.java:94)
	at org.apache.derby.impl.jdbc.Util.generateCsSQLException(Util.java:173)
	at org.apache.derby.impl.jdbc.EmbedConnection.newSQLException(EmbedConnection.java:2244)
	at org.apache.derby.impl.jdbc.EmbedConnection.<init>(EmbedConnection.java:304)
	at org.apache.derby.impl.jdbc.EmbedConnection30.<init>(EmbedConnection30.java:76)
	at org.apache.derby.jdbc.Driver30.getNewEmbedConnection(Driver30.java:81)
	at org.apache.derby.jdbc.InternalDriver.connect(InternalDriver.java:209)
	at org.apache.derby.jdbc.AutoloadedDriver.connect(AutoloadedDriver.java:118)
	at java.sql.DriverManager.getConnection(DriverManager.java:571)
	at java.sql.DriverManager.getConnection(DriverManager.java:233)
	at derby2861.ViewCreatorDropper.getConnection(ViewCreatorDropper.java:80)
	at derby2861.ViewCreatorDropper.run(ViewCreatorDropper.java:38)
	at java.lang.Thread.run(Thread.java:745)
Cleanup action completed
Cleanup action completed
2016-10-14 19:47:30.032 GMT Thread[thread-3,5,main] Cleanup action starting
java.sql.SQLException: XJ004.C : [0] DERBY2861
	at org.apache.derby.impl.jdbc.SQLExceptionFactory.getSQLException(SQLExceptionFactory.java:45)
	at org.apache.derby.impl.jdbc.Util.newEmbedSQLException(Util.java:88)
	at org.apache.derby.impl.jdbc.Util.newEmbedSQLException(Util.java:94)
	at org.apache.derby.impl.jdbc.Util.generateCsSQLException(Util.java:173)
	at org.apache.derby.impl.jdbc.EmbedConnection.newSQLException(EmbedConnection.java:2244)
	at org.apache.derby.impl.jdbc.EmbedConnection.<init>(EmbedConnection.java:304)
	at org.apache.derby.impl.jdbc.EmbedConnection30.<init>(EmbedConnection30.java:76)
	at org.apache.derby.jdbc.Driver30.getNewEmbedConnection(Driver30.java:81)
	at org.apache.derby.jdbc.InternalDriver.connect(InternalDriver.java:209)
	at org.apache.derby.jdbc.AutoloadedDriver.connect(AutoloadedDriver.java:118)
	at java.sql.DriverManager.getConnection(DriverManager.java:571)
	at java.sql.DriverManager.getConnection(DriverManager.java:233)
	at derby2861.ViewCreatorDropper.getConnection(ViewCreatorDropper.java:80)
	at derby2861.ViewCreatorDropper.run(ViewCreatorDropper.java:38)
	at java.lang.Thread.run(Thread.java:745)
Cleanup action completed
2016-10-14 19:47:30.032 GMT Thread[thread-2,5,main] Cleanup action starting
java.sql.SQLException: XJ004.C : [0] DERBY2861
	at org.apache.derby.impl.jdbc.SQLExceptionFactory.getSQLException(SQLExceptionFactory.java:45)
	at org.apache.derby.impl.jdbc.Util.newEmbedSQLException(Util.java:88)
	at org.apache.derby.impl.jdbc.Util.newEmbedSQLException(Util.java:94)
	at org.apache.derby.impl.jdbc.Util.generateCsSQLException(Util.java:173)
	at org.apache.derby.impl.jdbc.EmbedConnection.newSQLException(EmbedConnection.java:2244)
	at org.apache.derby.impl.jdbc.EmbedConnection.<init>(EmbedConnection.java:304)
	at org.apache.derby.impl.jdbc.EmbedConnection30.<init>(EmbedConnection30.java:76)
	at org.apache.derby.jdbc.Driver30.getNewEmbedConnection(Driver30.java:81)
	at org.apache.derby.jdbc.InternalDriver.connect(InternalDriver.java:209)
	at org.apache.derby.jdbc.AutoloadedDriver.connect(AutoloadedDriver.java:118)
	at java.sql.DriverManager.getConnection(DriverManager.java:571)
	at java.sql.DriverManager.getConnection(DriverManager.java:233)
	at derby2861.ViewCreatorDropper.getConnection(ViewCreatorDropper.java:80)
	at derby2861.ViewCreatorDropper.run(ViewCreatorDropper.java:38)
	at java.lang.Thread.run(Thread.java:745)
Cleanup action completed
Cleanup action completed
2016-10-14 19:47:30.033 GMT Thread[thread-5,5,main] Cleanup action starting
java.sql.SQLException: XJ004.C : [0] DERBY2861
	at org.apache.derby.impl.jdbc.SQLExceptionFactory.getSQLException(SQLExceptionFactory.java:45)
	at org.apache.derby.impl.jdbc.Util.newEmbedSQLException(Util.java:88)
	at org.apache.derby.impl.jdbc.Util.newEmbedSQLException(Util.java:94)
	at org.apache.derby.impl.jdbc.Util.generateCsSQLException(Util.java:173)
	at org.apache.derby.impl.jdbc.EmbedConnection.newSQLException(EmbedConnection.java:2244)
	at org.apache.derby.impl.jdbc.EmbedConnection.<init>(EmbedConnection.java:304)
	at org.apache.derby.impl.jdbc.EmbedConnection30.<init>(EmbedConnection30.java:76)
	at org.apache.derby.jdbc.Driver30.getNewEmbedConnection(Driver30.java:81)
	at org.apache.derby.jdbc.InternalDriver.connect(InternalDriver.java:209)
	at org.apache.derby.jdbc.AutoloadedDriver.connect(AutoloadedDriver.java:118)
	at java.sql.DriverManager.getConnection(DriverManager.java:571)
	at java.sql.DriverManager.getConnection(DriverManager.java:233)
	at derby2861.ViewCreatorDropper.getConnection(ViewCreatorDropper.java:80)
	at derby2861.ViewCreatorDropper.run(ViewCreatorDropper.java:38)
	at java.lang.Thread.run(Thread.java:745)
Cleanup action completed
2016-10-14 19:47:30.034 GMT Thread[thread-1,5,main] Cleanup action starting
java.sql.SQLException: XJ004.C : [0] DERBY2861
	at org.apache.derby.impl.jdbc.SQLExceptionFactory.getSQLException(SQLExceptionFactory.java:45)
	at org.apache.derby.impl.jdbc.Util.newEmbedSQLException(Util.java:88)
	at org.apache.derby.impl.jdbc.Util.newEmbedSQLException(Util.java:94)
	at org.apache.derby.impl.jdbc.Util.generateCsSQLException(Util.java:173)
	at org.apache.derby.impl.jdbc.EmbedConnection.newSQLException(EmbedConnection.java:2244)
	at org.apache.derby.impl.jdbc.EmbedConnection.<init>(EmbedConnection.java:304)
	at org.apache.derby.impl.jdbc.EmbedConnection30.<init>(EmbedConnection30.java:76)
	at org.apache.derby.jdbc.Driver30.getNewEmbedConnection(Driver30.java:81)
	at org.apache.derby.jdbc.InternalDriver.connect(InternalDriver.java:209)
	at org.apache.derby.jdbc.AutoloadedDriver.connect(AutoloadedDriver.java:118)
	at java.sql.DriverManager.getConnection(DriverManager.java:571)
	at java.sql.DriverManager.getConnection(DriverManager.java:233)
	at derby2861.ViewCreatorDropper.getConnection(ViewCreatorDropper.java:80)
	at derby2861.ViewCreatorDropper.run(ViewCreatorDropper.java:38)
	at java.lang.Thread.run(Thread.java:745)
Cleanup action completed
2016-10-14 19:47:30.034 GMT Thread[thread-5,5,main] Cleanup action starting
java.sql.SQLException: XJ004.C : [0] DERBY2861
	at org.apache.derby.impl.jdbc.SQLExceptionFactory.getSQLException(SQLExceptionFactory.java:45)
	at org.apache.derby.impl.jdbc.Util.newEmbedSQLException(Util.java:88)
	at org.apache.derby.impl.jdbc.Util.newEmbedSQLException(Util.java:94)
	at org.apache.derby.impl.jdbc.Util.generateCsSQLException(Util.java:173)
	at org.apache.derby.impl.jdbc.EmbedConnection.newSQLException(EmbedConnection.java:2244)
	at org.apache.derby.impl.jdbc.EmbedConnection.<init>(EmbedConnection.java:304)
	at org.apache.derby.impl.jdbc.EmbedConnection30.<init>(EmbedConnection30.java:76)
	at org.apache.derby.jdbc.Driver30.getNewEmbedConnection(Driver30.java:81)
	at org.apache.derby.jdbc.InternalDriver.connect(InternalDriver.java:209)
	at org.apache.derby.jdbc.AutoloadedDriver.connect(AutoloadedDriver.java:118)
	at java.sql.DriverManager.getConnection(DriverManager.java:571)
	at java.sql.DriverManager.getConnection(DriverManager.java:233)
	at derby2861.ViewCreatorDropper.getConnection(ViewCreatorDropper.java:80)
	at derby2861.ViewCreatorDropper.run(ViewCreatorDropper.java:38)
	at java.lang.Thread.run(Thread.java:745)
Cleanup action completed
2016-10-14 19:47:30.030 GMT Thread[thread-4,5,main] Cleanup action starting
java.sql.SQLException: XJ004.C : [0] DERBY2861
	at org.apache.derby.impl.jdbc.SQLExceptionFactory.getSQLException(SQLExceptionFactory.java:45)
	at org.apache.derby.impl.jdbc.Util.newEmbedSQLException(Util.java:88)
	at org.apache.derby.impl.jdbc.Util.newEmbedSQLException(Util.java:94)
	at org.apache.derby.impl.jdbc.Util.generateCsSQLException(Util.java:173)
	at org.apache.derby.impl.jdbc.EmbedConnection.newSQLException(EmbedConnection.java:2244)
	at org.apache.derby.impl.jdbc.EmbedConnection.<init>(EmbedConnection.java:304)
	at org.apache.derby.impl.jdbc.EmbedConnection30.<init>(EmbedConnection30.java:76)
	at org.apache.derby.jdbc.Driver30.getNewEmbedConnection(Driver30.java:81)
	at org.apache.derby.jdbc.InternalDriver.connect(InternalDriver.java:209)
	at org.apache.derby.jdbc.AutoloadedDriver.connect(AutoloadedDriver.java:118)
	at java.sql.DriverManager.getConnection(DriverManager.java:571)
	at java.sql.DriverManager.getConnection(DriverManager.java:233)
	at derby2861.ViewCreatorDropper.getConnection(ViewCreatorDropper.java:80)
	at derby2861.ViewCreatorDropper.run(ViewCreatorDropper.java:38)
	at java.lang.Thread.run(Thread.java:745)
Cleanup action completed
2016-10-14 19:47:30.036 GMT Thread[thread-6,5,main] Cleanup action starting
java.sql.SQLException: XJ004.C : [0] DERBY2861
	at org.apache.derby.impl.jdbc.SQLExceptionFactory.getSQLException(SQLExceptionFactory.java:45)
	at org.apache.derby.impl.jdbc.Util.newEmbedSQLException(Util.java:88)
	at org.apache.derby.impl.jdbc.Util.newEmbedSQLException(Util.java:94)
	at org.apache.derby.impl.jdbc.Util.generateCsSQLException(Util.java:173)
	at org.apache.derby.impl.jdbc.EmbedConnection.newSQLException(EmbedConnection.java:2244)
	at org.apache.derby.impl.jdbc.EmbedConnection.<init>(EmbedConnection.java:304)
	at org.apache.derby.impl.jdbc.EmbedConnection30.<init>(EmbedConnection30.java:76)
	at org.apache.derby.jdbc.Driver30.getNewEmbedConnection(Driver30.java:81)
	at org.apache.derby.jdbc.InternalDriver.connect(InternalDriver.java:209)
	at org.apache.derby.jdbc.AutoloadedDriver.connect(AutoloadedDriver.java:118)
	at java.sql.DriverManager.getConnection(DriverManager.java:571)
	at java.sql.DriverManager.getConnection(DriverManager.java:233)
	at derby2861.ViewCreatorDropper.getConnection(ViewCreatorDropper.java:80)
	at derby2861.ViewCreatorDropper.run(ViewCreatorDropper.java:38)
	at java.lang.Thread.run(Thread.java:745)
Cleanup action completed
2016-10-14 19:47:30.036 GMT Thread[thread-4,5,main] Cleanup action starting
java.sql.SQLException: XJ004.C : [0] DERBY2861
	at org.apache.derby.impl.jdbc.SQLExceptionFactory.getSQLException(SQLExceptionFactory.java:45)
	at org.apache.derby.impl.jdbc.Util.newEmbedSQLException(Util.java:88)
	at org.apache.derby.impl.jdbc.Util.newEmbedSQLException(Util.java:94)
	at org.apache.derby.impl.jdbc.Util.generateCsSQLException(Util.java:173)
	at org.apache.derby.impl.jdbc.EmbedConnection.newSQLException(EmbedConnection.java:2244)
	at org.apache.derby.impl.jdbc.EmbedConnection.<init>(EmbedConnection.java:304)
	at org.apache.derby.impl.jdbc.EmbedConnection30.<init>(EmbedConnection30.java:76)
	at org.apache.derby.jdbc.Driver30.getNewEmbedConnection(Driver30.java:81)
	at org.apache.derby.jdbc.InternalDriver.connect(InternalDriver.java:209)
	at org.apache.derby.jdbc.AutoloadedDriver.connect(AutoloadedDriver.java:118)
	at java.sql.DriverManager.getConnection(DriverManager.java:571)
	at java.sql.DriverManager.getConnection(DriverManager.java:233)
	at derby2861.ViewCreatorDropper.getConnection(ViewCreatorDropper.java:80)
	at derby2861.ViewCreatorDropper.run(ViewCreatorDropper.java:38)
	at java.lang.Thread.run(Thread.java:745)
Cleanup action completed
2016-10-14 19:47:30.037 GMT Thread[thread-6,5,main] Cleanup action starting
java.sql.SQLException: XJ004.C : [0] DERBY2861
	at org.apache.derby.impl.jdbc.SQLExceptionFactory.getSQLException(SQLExceptionFactory.java:45)
	at org.apache.derby.impl.jdbc.Util.newEmbedSQLException(Util.java:88)
	at org.apache.derby.impl.jdbc.Util.newEmbedSQLException(Util.java:94)
	at org.apache.derby.impl.jdbc.Util.generateCsSQLException(Util.java:173)
	at org.apache.derby.impl.jdbc.EmbedConnection.newSQLException(EmbedConnection.java:2244)
	at org.apache.derby.impl.jdbc.EmbedConnection.<init>(EmbedConnection.java:304)
	at org.apache.derby.impl.jdbc.EmbedConnection30.<init>(EmbedConnection30.java:76)
	at org.apache.derby.jdbc.Driver30.getNewEmbedConnection(Driver30.java:81)
	at org.apache.derby.jdbc.InternalDriver.connect(InternalDriver.java:209)
	at org.apache.derby.jdbc.AutoloadedDriver.connect(AutoloadedDriver.java:118)
	at java.sql.DriverManager.getConnection(DriverManager.java:571)
	at java.sql.DriverManager.getConnection(DriverManager.java:233)
	at derby2861.ViewCreatorDropper.getConnection(ViewCreatorDropper.java:80)
	at derby2861.ViewCreatorDropper.run(ViewCreatorDropper.java:38)
	at java.lang.Thread.run(Thread.java:745)
Cleanup action completed
2016-10-14 19:47:30.038 GMT Thread[thread-7,5,main] Cleanup action starting
java.sql.SQLException: XJ004.C : [0] DERBY2861
	at org.apache.derby.impl.jdbc.SQLExceptionFactory.getSQLException(SQLExceptionFactory.java:45)
	at org.apache.derby.impl.jdbc.Util.newEmbedSQLException(Util.java:88)
	at org.apache.derby.impl.jdbc.Util.newEmbedSQLException(Util.java:94)
	at org.apache.derby.impl.jdbc.Util.generateCsSQLException(Util.java:173)
	at org.apache.derby.impl.jdbc.EmbedConnection.newSQLException(EmbedConnection.java:2244)
	at org.apache.derby.impl.jdbc.EmbedConnection.<init>(EmbedConnection.java:304)
	at org.apache.derby.impl.jdbc.EmbedConnection30.<init>(EmbedConnection30.java:76)
	at org.apache.derby.jdbc.Driver30.getNewEmbedConnection(Driver30.java:81)
	at org.apache.derby.jdbc.InternalDriver.connect(InternalDriver.java:209)
	at org.apache.derby.jdbc.AutoloadedDriver.connect(AutoloadedDriver.java:118)
	at java.sql.DriverManager.getConnection(DriverManager.java:571)
	at java.sql.DriverManager.getConnection(DriverManager.java:233)
	at derby2861.ViewCreatorDropper.getConnection(ViewCreatorDropper.java:80)
	at derby2861.ViewCreatorDropper.run(ViewCreatorDropper.java:38)
	at java.lang.Thread.run(Thread.java:745)
Cleanup action completed
2016-10-14 19:47:30.039 GMT Thread[thread-7,5,main] Cleanup action starting
java.sql.SQLException: XJ004.C : [0] DERBY2861
	at org.apache.derby.impl.jdbc.SQLExceptionFactory.getSQLException(SQLExceptionFactory.java:45)
	at org.apache.derby.impl.jdbc.Util.newEmbedSQLException(Util.java:88)
	at org.apache.derby.impl.jdbc.Util.newEmbedSQLException(Util.java:94)
	at org.apache.derby.impl.jdbc.Util.generateCsSQLException(Util.java:173)
	at org.apache.derby.impl.jdbc.EmbedConnection.newSQLException(EmbedConnection.java:2244)
	at org.apache.derby.impl.jdbc.EmbedConnection.<init>(EmbedConnection.java:304)
	at org.apache.derby.impl.jdbc.EmbedConnection30.<init>(EmbedConnection30.java:76)
	at org.apache.derby.jdbc.Driver30.getNewEmbedConnection(Driver30.java:81)
	at org.apache.derby.jdbc.InternalDriver.connect(InternalDriver.java:209)
	at org.apache.derby.jdbc.AutoloadedDriver.connect(AutoloadedDriver.java:118)
	at java.sql.DriverManager.getConnection(DriverManager.java:571)
	at java.sql.DriverManager.getConnection(DriverManager.java:233)
	at derby2861.ViewCreatorDropper.getConnection(ViewCreatorDropper.java:80)
	at derby2861.ViewCreatorDropper.run(ViewCreatorDropper.java:38)
	at java.lang.Thread.run(Thread.java:745)
Cleanup action completed
2016-10-14 19:47:30.039 GMT Thread[thread-8,5,main] Cleanup action starting
java.sql.SQLException: XJ004.C : [0] DERBY2861
	at org.apache.derby.impl.jdbc.SQLExceptionFactory.getSQLException(SQLExceptionFactory.java:45)
	at org.apache.derby.impl.jdbc.Util.newEmbedSQLException(Util.java:88)
	at org.apache.derby.impl.jdbc.Util.newEmbedSQLException(Util.java:94)
	at org.apache.derby.impl.jdbc.Util.generateCsSQLException(Util.java:173)
	at org.apache.derby.impl.jdbc.EmbedConnection.newSQLException(EmbedConnection.java:2244)
	at org.apache.derby.impl.jdbc.EmbedConnection.<init>(EmbedConnection.java:304)
	at org.apache.derby.impl.jdbc.EmbedConnection30.<init>(EmbedConnection30.java:76)
	at org.apache.derby.jdbc.Driver30.getNewEmbedConnection(Driver30.java:81)
	at org.apache.derby.jdbc.InternalDriver.connect(InternalDriver.java:209)
	at org.apache.derby.jdbc.AutoloadedDriver.connect(AutoloadedDriver.java:118)
	at java.sql.DriverManager.getConnection(DriverManager.java:571)
	at java.sql.DriverManager.getConnection(DriverManager.java:233)
	at derby2861.ViewCreatorDropper.getConnection(ViewCreatorDropper.java:80)
	at derby2861.ViewCreatorDropper.run(ViewCreatorDropper.java:38)
	at java.lang.Thread.run(Thread.java:745)
Cleanup action completed
2016-10-14 19:47:30.041 GMT Thread[thread-9,5,main] Cleanup action starting
java.sql.SQLException: XJ004.C : [0] DERBY2861
	at org.apache.derby.impl.jdbc.SQLExceptionFactory.getSQLException(SQLExceptionFactory.java:45)
	at org.apache.derby.impl.jdbc.Util.newEmbedSQLException(Util.java:88)
	at org.apache.derby.impl.jdbc.Util.newEmbedSQLException(Util.java:94)
	at org.apache.derby.impl.jdbc.Util.generateCsSQLException(Util.java:173)
	at org.apache.derby.impl.jdbc.EmbedConnection.newSQLException(EmbedConnection.java:2244)
	at org.apache.derby.impl.jdbc.EmbedConnection.<init>(EmbedConnection.java:304)
	at org.apache.derby.impl.jdbc.EmbedConnection30.<init>(EmbedConnection30.java:76)
	at org.apache.derby.jdbc.Driver30.getNewEmbedConnection(Driver30.java:81)
	at org.apache.derby.jdbc.InternalDriver.connect(InternalDriver.java:209)
	at org.apache.derby.jdbc.AutoloadedDriver.connect(AutoloadedDriver.java:118)
	at java.sql.DriverManager.getConnection(DriverManager.java:571)
	at java.sql.DriverManager.getConnection(DriverManager.java:233)
	at derby2861.ViewCreatorDropper.getConnection(ViewCreatorDropper.java:80)
	at derby2861.ViewCreatorDropper.run(ViewCreatorDropper.java:38)
	at java.lang.Thread.run(Thread.java:745)
2016-10-14 19:47:30.041 GMT Thread[thread-8,5,main] Cleanup action starting
java.sql.SQLException: XJ004.C : [0] DERBY2861
	at org.apache.derby.impl.jdbc.SQLExceptionFactory.getSQLException(SQLExceptionFactory.java:45)
	at org.apache.derby.impl.jdbc.Util.newEmbedSQLException(Util.java:88)
	at org.apache.derby.impl.jdbc.Util.newEmbedSQLException(Util.java:94)
	at org.apache.derby.impl.jdbc.Util.generateCsSQLException(Util.java:173)
	at org.apache.derby.impl.jdbc.EmbedConnection.newSQLException(EmbedConnection.java:2244)
	at org.apache.derby.impl.jdbc.EmbedConnection.<init>(EmbedConnection.java:304)
	at org.apache.derby.impl.jdbc.EmbedConnection30.<init>(EmbedConnection30.java:76)
	at org.apache.derby.jdbc.Driver30.getNewEmbedConnection(Driver30.java:81)
	at org.apache.derby.jdbc.InternalDriver.connect(InternalDriver.java:209)
	at org.apache.derby.jdbc.AutoloadedDriver.connect(AutoloadedDriver.java:118)
	at java.sql.DriverManager.getConnection(DriverManager.java:571)
	at java.sql.DriverManager.getConnection(DriverManager.java:233)
	at derby2861.ViewCreatorDropper.getConnection(ViewCreatorDropper.java:80)
	at derby2861.ViewCreatorDropper.run(ViewCreatorDropper.java:38)
	at java.lang.Thread.run(Thread.java:745)
2016-10-14 19:47:30.041 GMT Thread[thread-10,5,main] Cleanup action starting
java.sql.SQLException: XJ004.C : [0] DERBY2861
	at org.apache.derby.impl.jdbc.SQLExceptionFactory.getSQLException(SQLExceptionFactory.java:45)
	at org.apache.derby.impl.jdbc.Util.newEmbedSQLException(Util.java:88)
	at org.apache.derby.impl.jdbc.Util.newEmbedSQLException(Util.java:94)
	at org.apache.derby.impl.jdbc.Util.generateCsSQLException(Util.java:173)
	at org.apache.derby.impl.jdbc.EmbedConnection.newSQLException(EmbedConnection.java:2244)
	at org.apache.derby.impl.jdbc.EmbedConnection.<init>(EmbedConnection.java:304)
	at org.apache.derby.impl.jdbc.EmbedConnection30.<init>(EmbedConnection30.java:76)
	at org.apache.derby.jdbc.Driver30.getNewEmbedConnection(Driver30.java:81)
	at org.apache.derby.jdbc.InternalDriver.connect(InternalDriver.java:209)
	at org.apache.derby.jdbc.AutoloadedDriver.connect(AutoloadedDriver.java:118)
	at java.sql.DriverManager.getConnection(DriverManager.java:571)
	at java.sql.DriverManager.getConnection(DriverManager.java:233)
	at derby2861.ViewCreatorDropper.getConnection(ViewCreatorDropper.java:80)
	at derby2861.ViewCreatorDropper.run(ViewCreatorDropper.java:38)
	at java.lang.Thread.run(Thread.java:745)
Cleanup action completed
Cleanup action completed
Cleanup action completed
2016-10-14 19:47:30.042 GMT Thread[thread-10,5,main] Cleanup action starting
java.sql.SQLException: XJ004.C : [0] DERBY2861
	at org.apache.derby.impl.jdbc.SQLExceptionFactory.getSQLException(SQLExceptionFactory.java:45)
	at org.apache.derby.impl.jdbc.Util.newEmbedSQLException(Util.java:88)
	at org.apache.derby.impl.jdbc.Util.newEmbedSQLException(Util.java:94)
	at org.apache.derby.impl.jdbc.Util.generateCsSQLException(Util.java:173)
	at org.apache.derby.impl.jdbc.EmbedConnection.newSQLException(EmbedConnection.java:2244)
	at org.apache.derby.impl.jdbc.EmbedConnection.<init>(EmbedConnection.java:304)
	at org.apache.derby.impl.jdbc.EmbedConnection30.<init>(EmbedConnection30.java:76)
	at org.apache.derby.jdbc.Driver30.getNewEmbedConnection(Driver30.java:81)
	at org.apache.derby.jdbc.InternalDriver.connect(InternalDriver.java:209)
	at org.apache.derby.jdbc.AutoloadedDriver.connect(AutoloadedDriver.java:118)
	at java.sql.DriverManager.getConnection(DriverManager.java:571)
	at java.sql.DriverManager.getConnection(DriverManager.java:233)
	at derby2861.ViewCreatorDropper.getConnection(ViewCreatorDropper.java:80)
	at derby2861.ViewCreatorDropper.run(ViewCreatorDropper.java:38)
	at java.lang.Thread.run(Thread.java:745)
2016-10-14 19:47:30.042 GMT Thread[thread-9,5,main] Cleanup action starting
java.sql.SQLException: XJ004.C : [0] DERBY2861
	at org.apache.derby.impl.jdbc.SQLExceptionFactory.getSQLException(SQLExceptionFactory.java:45)
	at org.apache.derby.impl.jdbc.Util.newEmbedSQLException(Util.java:88)
	at org.apache.derby.impl.jdbc.Util.newEmbedSQLException(Util.java:94)
	at org.apache.derby.impl.jdbc.Util.generateCsSQLException(Util.java:173)
	at org.apache.derby.impl.jdbc.EmbedConnection.newSQLException(EmbedConnection.java:2244)
	at org.apache.derby.impl.jdbc.EmbedConnection.<init>(EmbedConnection.java:304)
	at org.apache.derby.impl.jdbc.EmbedConnection30.<init>(EmbedConnection30.java:76)
	at org.apache.derby.jdbc.Driver30.getNewEmbedConnection(Driver30.java:81)
	at org.apache.derby.jdbc.InternalDriver.connect(InternalDriver.java:209)
	at org.apache.derby.jdbc.AutoloadedDriver.connect(AutoloadedDriver.java:118)
	at java.sql.DriverManager.getConnection(DriverManager.java:571)
	at java.sql.DriverManager.getConnection(DriverManager.java:233)
	at derby2861.ViewCreatorDropper.getConnection(ViewCreatorDropper.java:80)
	at derby2861.ViewCreatorDropper.run(ViewCreatorDropper.java:38)
	at java.lang.Thread.run(Thread.java:745)
2016-10-14 19:47:30.042 GMT Thread[thread-11,5,main] Cleanup action starting
java.sql.SQLException: XJ004.C : [0] DERBY2861
	at org.apache.derby.impl.jdbc.SQLExceptionFactory.getSQLException(SQLExceptionFactory.java:45)
	at org.apache.derby.impl.jdbc.Util.newEmbedSQLException(Util.java:88)
	at org.apache.derby.impl.jdbc.Util.newEmbedSQLException(Util.java:94)
	at org.apache.derby.impl.jdbc.Util.generateCsSQLException(Util.java:173)
	at org.apache.derby.impl.jdbc.EmbedConnection.newSQLException(EmbedConnection.java:2244)
	at org.apache.derby.impl.jdbc.EmbedConnection.<init>(EmbedConnection.java:304)
	at org.apache.derby.impl.jdbc.EmbedConnection30.<init>(EmbedConnection30.java:76)
	at org.apache.derby.jdbc.Driver30.getNewEmbedConnection(Driver30.java:81)
	at org.apache.derby.jdbc.InternalDriver.connect(InternalDriver.java:209)
	at org.apache.derby.jdbc.AutoloadedDriver.connect(AutoloadedDriver.java:118)
	at java.sql.DriverManager.getConnection(DriverManager.java:571)
	at java.sql.DriverManager.getConnection(DriverManager.java:233)
	at derby2861.ViewCreatorDropper.getConnection(ViewCreatorDropper.java:80)
	at derby2861.ViewCreatorDropper.run(ViewCreatorDropper.java:38)
	at java.lang.Thread.run(Thread.java:745)
Cleanup action completed
Cleanup action completed
Cleanup action completed
2016-10-14 19:47:30.043 GMT Thread[thread-11,5,main] Cleanup action starting
java.sql.SQLException: XJ004.C : [0] DERBY2861
	at org.apache.derby.impl.jdbc.SQLExceptionFactory.getSQLException(SQLExceptionFactory.java:45)
	at org.apache.derby.impl.jdbc.Util.newEmbedSQLException(Util.java:88)
	at org.apache.derby.impl.jdbc.Util.newEmbedSQLException(Util.java:94)
	at org.apache.derby.impl.jdbc.Util.generateCsSQLException(Util.java:173)
	at org.apache.derby.impl.jdbc.EmbedConnection.newSQLException(EmbedConnection.java:2244)
	at org.apache.derby.impl.jdbc.EmbedConnection.<init>(EmbedConnection.java:304)
	at org.apache.derby.impl.jdbc.EmbedConnection30.<init>(EmbedConnection30.java:76)
	at org.apache.derby.jdbc.Driver30.getNewEmbedConnection(Driver30.java:81)
	at org.apache.derby.jdbc.InternalDriver.connect(InternalDriver.java:209)
	at org.apache.derby.jdbc.AutoloadedDriver.connect(AutoloadedDriver.java:118)
	at java.sql.DriverManager.getConnection(DriverManager.java:571)
	at java.sql.DriverManager.getConnection(DriverManager.java:233)
	at derby2861.ViewCreatorDropper.getConnection(ViewCreatorDropper.java:80)
	at derby2861.ViewCreatorDropper.run(ViewCreatorDropper.java:38)
	at java.lang.Thread.run(Thread.java:745)
Cleanup action completed
